<?xml version="1.0" encoding="UTF-8"?>
<testng-results ignored="0" total="1" passed="1" failed="0" skipped="0">
  <reporter-output>
  </reporter-output>
  <suite started-at="2025-09-04T22:37:34 IST" name="Yatra" finished-at="2025-09-04T22:38:51 IST" duration-ms="76265">
    <groups>
    </groups>
    <test started-at="2025-09-04T22:37:34 IST" name="SearchTest" finished-at="2025-09-04T22:38:51 IST" duration-ms="76265">
      <class name="yatra.tests.SearchTest">
        <test-method is-config="true" signature="setup(java.lang.String)[pri:0, instance:yatra.tests.SearchTest@4d5650ae]" started-at="2025-09-04T22:37:34 IST" name="setup" finished-at="2025-09-04T22:38:36 IST" duration-ms="61862" status="PASS">
          <params>
            <param index="0">
              <value>
                <![CDATA[chrome]]>
              </value>
            </param>
          </params>
          <reporter-output>
          </reporter-output>
        </test-method> <!-- setup -->
        <test-method is-config="true" signature="initialize()[pri:0, instance:yatra.tests.SearchTest@4d5650ae]" started-at="2025-09-04T22:38:36 IST" name="initialize" finished-at="2025-09-04T22:38:39 IST" duration-ms="2082" status="PASS">
          <reporter-output>
          </reporter-output>
        </test-method> <!-- initialize -->
        <test-method signature="selectLowestPriceInLeftCalendar()[pri:0, instance:yatra.tests.SearchTest@4d5650ae]" started-at="2025-09-04T22:38:39 IST" name="selectLowestPriceInLeftCalendar" finished-at="2025-09-04T22:38:49 IST" duration-ms="10637" status="PASS">
          <reporter-output>
          </reporter-output>
        </test-method> <!-- selectLowestPriceInLeftCalendar -->
        <test-method is-config="true" signature="tearDown()[pri:0, instance:yatra.tests.SearchTest@4d5650ae]" started-at="2025-09-04T22:38:49 IST" name="tearDown" finished-at="2025-09-04T22:38:51 IST" duration-ms="1389" status="PASS">
          <reporter-output>
          </reporter-output>
        </test-method> <!-- tearDown -->
      </class> <!-- yatra.tests.SearchTest -->
    </test> <!-- SearchTest -->
  </suite> <!-- Yatra -->
</testng-results>
