<?xml version="1.0" encoding="UTF-8"?>
<testsuite xmlns:xsi="http://www.w3.org/2001/XMLSchema-instance" xsi:noNamespaceSchemaLocation="https://maven.apache.org/surefire/maven-surefire-plugin/xsd/surefire-test-report.xsd" version="3.0.2" name="TestSuite" time="77.585" tests="1" errors="0" skipped="0" failures="0">
  <properties>
[...]
</properties>
  <testcase name="selectLowestPriceInLeftCalendar" classname="yatra.tests.SearchTest" time="10.696">
    <system-out><![CDATA[Choose Friday, September 19th, 2025 - Rs. 4239
Choose Thursday, October 2nd, 2025 - Rs. 4318
Choose Friday, September 19th, 2025 - Rs. 4239
]]></system-out>
  </testcase>
</testsuite>