<?xml version="1.0" encoding="UTF-8"?>
<testng-results ignored="0" total="1" passed="1" failed="0" skipped="0">
  <reporter-output>
  </reporter-output>
  <suite started-at="2025-09-04T03:19:22 IST" name="Yatra" finished-at="2025-09-04T03:19:44 IST" duration-ms="22602">
    <groups>
    </groups>
    <test started-at="2025-09-04T03:19:22 IST" name="SearchTest" finished-at="2025-09-04T03:19:44 IST" duration-ms="22602">
      <class name="yatra.tests.SearchTest">
        <test-method is-config="true" signature="setup(java.lang.String)[pri:0, instance:yatra.tests.SearchTest@7bba5817]" started-at="2025-09-04T03:19:22 IST" name="setup" finished-at="2025-09-04T03:19:35 IST" duration-ms="13153" status="PASS">
          <params>
            <param index="0">
              <value>
                <![CDATA[chrome]]>
              </value>
            </param>
          </params>
          <reporter-output>
          </reporter-output>
        </test-method> <!-- setup -->
        <test-method is-config="true" signature="initialize()[pri:0, instance:yatra.tests.SearchTest@7bba5817]" started-at="2025-09-04T03:19:35 IST" name="initialize" finished-at="2025-09-04T03:19:35 IST" duration-ms="36" status="PASS">
          <reporter-output>
          </reporter-output>
        </test-method> <!-- initialize -->
        <test-method signature="selectLowestPriceInLeftCalendar()[pri:0, instance:yatra.tests.SearchTest@7bba5817]" started-at="2025-09-04T03:19:35 IST" name="selectLowestPriceInLeftCalendar" finished-at="2025-09-04T03:19:44 IST" duration-ms="8738" status="PASS">
          <reporter-output>
          </reporter-output>
        </test-method> <!-- selectLowestPriceInLeftCalendar -->
        <test-method is-config="true" signature="tearDown()[pri:0, instance:yatra.tests.SearchTest@7bba5817]" started-at="2025-09-04T03:19:44 IST" name="tearDown" finished-at="2025-09-04T03:19:44 IST" duration-ms="626" status="PASS">
          <reporter-output>
          </reporter-output>
        </test-method> <!-- tearDown -->
      </class> <!-- yatra.tests.SearchTest -->
    </test> <!-- SearchTest -->
  </suite> <!-- Yatra -->
</testng-results>
